<?xml version="1.0" encoding="UTF-8"?>
<testsuite xmlns:xsi="http://www.w3.org/2001/XMLSchema-instance" xsi:noNamespaceSchemaLocation="https://maven.apache.org/surefire/maven-surefire-plugin/xsd/surefire-test-report-3.0.xsd" version="3.0" name="com.northbank.registration.customer.CustomerRegistrationEdgeCasesIntegrationTest" time="3.972" tests="26" errors="0" skipped="0" failures="0">
  <properties>
[...]
</properties>
  <testcase name="ac5_statusNotPresentInSuccessResponseBody" classname="com.northbank.registration.customer.CustomerRegistrationEdgeCasesIntegrationTest" time="0.379">
    <system-out><![CDATA[2026-06-03T19:20:56.245+03:00  INFO 28584 --- [northbank-registration] [           main] c.n.r.customer.service.CustomerService   : Customer registered successfully — id=761e5ece-d1a3-46c2-ac7e-00763ed2c06f, status=PENDING_VERIFICATION
]]></system-out>
  </testcase>
  <testcase name="ac1_firstAndLastNameAtMaxLength_returns201" classname="com.northbank.registration.customer.CustomerRegistrationEdgeCasesIntegrationTest" time="0.291">
    <system-out><![CDATA[2026-06-03T19:20:56.533+03:00  INFO 28584 --- [northbank-registration] [           main] c.n.r.customer.service.CustomerService   : Customer registered successfully — id=34c0140c-49dd-4f4d-b7e9-9e7a3f713287, status=PENDING_VERIFICATION
]]></system-out>
  </testcase>
  <testcase name="ac4_phoneAtMinimumE164Length_returns201" classname="com.northbank.registration.customer.CustomerRegistrationEdgeCasesIntegrationTest" time="0.285">
    <system-out><![CDATA[2026-06-03T19:20:56.828+03:00  INFO 28584 --- [northbank-registration] [           main] c.n.r.customer.service.CustomerService   : Customer registered successfully — id=7251f877-e10e-4418-a355-437c4c87ac3e, status=PENDING_VERIFICATION
]]></system-out>
  </testcase>
  <testcase name="ac1_emptyRequestBody_returns400WithAllSixFieldErrors" classname="com.northbank.registration.customer.CustomerRegistrationEdgeCasesIntegrationTest" time="0.037"/>
  <testcase name="ac4_phoneAtMaxE164Length_returns201" classname="com.northbank.registration.customer.CustomerRegistrationEdgeCasesIntegrationTest" time="0.277">
    <system-out><![CDATA[2026-06-03T19:20:57.139+03:00  INFO 28584 --- [northbank-registration] [           main] c.n.r.customer.service.CustomerService   : Customer registered successfully — id=44ac2b05-3c7d-458c-b2bf-ac01298fb3f1, status=PENDING_VERIFICATION
]]></system-out>
  </testcase>
  <testcase name="ac5_successfulRegistration_dbTimestampsArePopulated" classname="com.northbank.registration.customer.CustomerRegistrationEdgeCasesIntegrationTest" time="0.284">
    <system-out><![CDATA[2026-06-03T19:20:57.418+03:00  INFO 28584 --- [northbank-registration] [           main] c.n.r.customer.service.CustomerService   : Customer registered successfully — id=44427410-a97d-43b8-ae36-2c2a50868dbc, status=PENDING_VERIFICATION
]]></system-out>
  </testcase>
  <testcase name="ac3_passwordMissingSpecialChar_returns400" classname="com.northbank.registration.customer.CustomerRegistrationEdgeCasesIntegrationTest" time="0.017"/>
  <testcase name="ac3_passwordMissingLowercase_returns400" classname="com.northbank.registration.customer.CustomerRegistrationEdgeCasesIntegrationTest" time="0.012"/>
  <testcase name="wrongContentType_textPlain_returns415" classname="com.northbank.registration.customer.CustomerRegistrationEdgeCasesIntegrationTest" time="0.015"/>
  <testcase name="ac3_passwordViolatingAllRules_singleErrorListingAllViolations" classname="com.northbank.registration.customer.CustomerRegistrationEdgeCasesIntegrationTest" time="0.012"/>
  <testcase name="ac3_passwordSevenChars_returns400" classname="com.northbank.registration.customer.CustomerRegistrationEdgeCasesIntegrationTest" time="0.011"/>
  <testcase name="ac1_missingEmail_returns400WithFieldError" classname="com.northbank.registration.customer.CustomerRegistrationEdgeCasesIntegrationTest" time="0.011"/>
  <testcase name="ac2_sequentialDuplicateRegistrations_secondReturns409" classname="com.northbank.registration.customer.CustomerRegistrationEdgeCasesIntegrationTest" time="0.269">
    <system-out><![CDATA[2026-06-03T19:20:57.775+03:00  INFO 28584 --- [northbank-registration] [           main] c.n.r.customer.service.CustomerService   : Customer registered successfully — id=c6835545-2feb-4ad9-afa5-d24472b29cac, status=PENDING_VERIFICATION
2026-06-03T19:20:57.782+03:00  WARN 28584 --- [northbank-registration] [           main] c.n.r.customer.service.CustomerService   : Registration rejected — email already registered: racesafe@example.com
2026-06-03T19:20:57.783+03:00  WARN 28584 --- [northbank-registration] [           main] c.n.r.s.e.GlobalExceptionHandler         : Registration rejected — duplicate email, request URI: /api/v1/customers
]]></system-out>
  </testcase>
  <testcase name="ac1_lastNameExceedsMaxLength_returns400" classname="com.northbank.registration.customer.CustomerRegistrationEdgeCasesIntegrationTest" time="0.011"/>
  <testcase name="ac1_missingLastName_returns400WithFieldError" classname="com.northbank.registration.customer.CustomerRegistrationEdgeCasesIntegrationTest" time="0.012"/>
  <testcase name="ac6_responseIdMatchesPersistedCustomerId" classname="com.northbank.registration.customer.CustomerRegistrationEdgeCasesIntegrationTest" time="0.273">
    <system-out><![CDATA[2026-06-03T19:20:58.080+03:00  INFO 28584 --- [northbank-registration] [           main] c.n.r.customer.service.CustomerService   : Customer registered successfully — id=e0fab6cd-ba4e-4be1-a2fc-ceef5997e0d9, status=PENDING_VERIFICATION
]]></system-out>
  </testcase>
  <testcase name="ac3_passwordMissingDigit_returns400" classname="com.northbank.registration.customer.CustomerRegistrationEdgeCasesIntegrationTest" time="0.009"/>
  <testcase name="ac1_minimumValidFieldValues_returns201" classname="com.northbank.registration.customer.CustomerRegistrationEdgeCasesIntegrationTest" time="0.251">
    <system-out><![CDATA[2026-06-03T19:20:58.343+03:00  INFO 28584 --- [northbank-registration] [           main] c.n.r.customer.service.CustomerService   : Customer registered successfully — id=0b0f96f1-b0c0-44e2-a21a-4810d8ab8f56, status=PENDING_VERIFICATION
]]></system-out>
  </testcase>
  <testcase name="ac1_firstNameExceedsMaxLength_returns400" classname="com.northbank.registration.customer.CustomerRegistrationEdgeCasesIntegrationTest" time="0.01"/>
  <testcase name="ac4_phoneLeadingZeroAfterPlus_returns400" classname="com.northbank.registration.customer.CustomerRegistrationEdgeCasesIntegrationTest" time="0.01"/>
  <testcase name="ac3_passwordExactlyEightCharsWithAllRulesMet_returns201" classname="com.northbank.registration.customer.CustomerRegistrationEdgeCasesIntegrationTest" time="0.264">
    <system-out><![CDATA[2026-06-03T19:20:58.627+03:00  INFO 28584 --- [northbank-registration] [           main] c.n.r.customer.service.CustomerService   : Customer registered successfully — id=f951238e-adc4-4723-a2b2-69b2899e1a94, status=PENDING_VERIFICATION
]]></system-out>
  </testcase>
  <testcase name="ac4_phonePlusOnly_returns400" classname="com.northbank.registration.customer.CustomerRegistrationEdgeCasesIntegrationTest" time="0.009"/>
  <testcase name="ac1_missingPhoneNumber_returns400WithFieldError" classname="com.northbank.registration.customer.CustomerRegistrationEdgeCasesIntegrationTest" time="0.009"/>
  <testcase name="ac6_locationHeaderPathSegmentIsValidUuid" classname="com.northbank.registration.customer.CustomerRegistrationEdgeCasesIntegrationTest" time="0.796">
    <system-out><![CDATA[2026-06-03T19:20:58.916+03:00  INFO 28584 --- [northbank-registration] [           main] c.n.r.customer.service.CustomerService   : Customer registered successfully — id=398a393e-ec33-4701-b074-0616ad25c7ff, status=PENDING_VERIFICATION
2026-06-03T19:20:59.164+03:00  INFO 28584 --- [northbank-registration] [           main] c.n.r.customer.service.CustomerService   : Customer registered successfully — id=c0cefe15-67f7-4336-9096-5b9e934129b6, status=PENDING_VERIFICATION
2026-06-03T19:20:59.436+03:00  INFO 28584 --- [northbank-registration] [           main] c.n.r.customer.service.CustomerService   : Customer registered successfully — id=52e07f42-f2c1-46d8-9cd8-4fd6cba03def, status=PENDING_VERIFICATION
]]></system-out>
  </testcase>
  <testcase name="ac4_validUkPhoneNumber_returns201" classname="com.northbank.registration.customer.CustomerRegistrationEdgeCasesIntegrationTest" time="0.301">
    <system-out><![CDATA[2026-06-03T19:20:59.733+03:00  INFO 28584 --- [northbank-registration] [           main] c.n.r.customer.service.CustomerService   : Customer registered successfully — id=9810a0df-3fe5-41ed-8a3d-ee7d21d56566, status=PENDING_VERIFICATION
]]></system-out>
  </testcase>
  <testcase name="noContentType_returns415" classname="com.northbank.registration.customer.CustomerRegistrationEdgeCasesIntegrationTest" time="0.016"/>
</testsuite>