<?xml version="1.0" encoding="UTF-8"?>
<testsuite xmlns:xsi="http://www.w3.org/2001/XMLSchema-instance" xsi:noNamespaceSchemaLocation="https://maven.apache.org/surefire/maven-surefire-plugin/xsd/surefire-test-report-3.0.xsd" version="3.0" name="com.northbank.registration.profile.ProfileServiceTest$UpdateProfile" time="0.02" tests="6" errors="0" skipped="0" failures="0">
  <properties>
[...]
</properties>
  <testcase name="ac2_updateProfile_onlyPhoneProvided_namesUnchanged" classname="com.northbank.registration.profile.ProfileServiceTest$UpdateProfile" time="0.003"/>
  <testcase name="ac5_updateProfile_saveIsCalledWithUpdatedEntity" classname="com.northbank.registration.profile.ProfileServiceTest$UpdateProfile" time="0.004"/>
  <testcase name="ac5_updateProfile_emptyRequest_noOpSavesUnchangedEntity" classname="com.northbank.registration.profile.ProfileServiceTest$UpdateProfile" time="0.002"/>
  <testcase name="ac2_updateProfile_allFieldsProvided_updatesAll" classname="com.northbank.registration.profile.ProfileServiceTest$UpdateProfile" time="0.002"/>
  <testcase name="ac2_updateProfile_onlyFirstNameProvided_othersUnchanged" classname="com.northbank.registration.profile.ProfileServiceTest$UpdateProfile" time="0.002"/>
  <testcase name="updateProfile_customerNotFound_throwsEntityNotFoundException" classname="com.northbank.registration.profile.ProfileServiceTest$UpdateProfile" time="0.004"/>
</testsuite>