<?xml version="1.0" encoding="UTF-8"?>
<testsuite xmlns:xsi="http://www.w3.org/2001/XMLSchema-instance" xsi:noNamespaceSchemaLocation="https://maven.apache.org/surefire/maven-surefire-plugin/xsd/surefire-test-report-3.0.xsd" version="3.0" name="com.northbank.registration.auth.login.AuthServiceTest" time="0.827" tests="11" errors="0" skipped="0" failures="0">
  <properties>
[...]
</properties>
  <testcase name="login_fourthFailure_notYetLocked_throwsInvalidCredentials" classname="com.northbank.registration.auth.login.AuthServiceTest" time="0.714">
    <system-out><![CDATA[2026-06-03T19:20:46.310+03:00  WARN 28584 --- [northbank-registration] [           main] c.n.registration.auth.login.AuthService  : Failed login attempt 4/5 for customer id=ba6186b4-6dfc-487e-acc8-26ebe57af134
]]></system-out>
  </testcase>
  <testcase name="login_unknownEmail_throwsInvalidCredentialsException" classname="com.northbank.registration.auth.login.AuthServiceTest" time="0.008">
    <system-out><![CDATA[2026-06-03T19:20:46.355+03:00  WARN 28584 --- [northbank-registration] [           main] c.n.registration.auth.login.AuthService  : Login attempt for unknown email domain: *@example.com
]]></system-out>
  </testcase>
  <testcase name="login_fifthFailure_setsStatusLockedAndLockedAt" classname="com.northbank.registration.auth.login.AuthServiceTest" time="0.008">
    <system-out><![CDATA[2026-06-03T19:20:46.366+03:00  WARN 28584 --- [northbank-registration] [           main] c.n.registration.auth.login.AuthService  : Account id=830c7ed8-7434-408a-a57e-5551a8ad70c0 LOCKED after 5 consecutive failed login attempts
]]></system-out>
  </testcase>
  <testcase name="login_validCredentials_resetsFailedAttempts" classname="com.northbank.registration.auth.login.AuthServiceTest" time="0.014">
    <system-out><![CDATA[2026-06-03T19:20:46.380+03:00  INFO 28584 --- [northbank-registration] [           main] c.n.registration.auth.login.AuthService  : Login step-1 success for customer id=275835c5-3f13-47d3-a759-3bf35a6d17ab
]]></system-out>
  </testcase>
  <testcase name="login_fifthFailure_throwsAccountLockedException" classname="com.northbank.registration.auth.login.AuthServiceTest" time="0.007">
    <system-out><![CDATA[2026-06-03T19:20:46.390+03:00  WARN 28584 --- [northbank-registration] [           main] c.n.registration.auth.login.AuthService  : Account id=67fd004a-2d6b-4639-b371-b59e622638d4 LOCKED after 5 consecutive failed login attempts
]]></system-out>
  </testcase>
  <testcase name="login_lockedAccount_throwsAccountLockedException" classname="com.northbank.registration.auth.login.AuthServiceTest" time="0.007">
    <system-out><![CDATA[2026-06-03T19:20:46.398+03:00  WARN 28584 --- [northbank-registration] [           main] c.n.registration.auth.login.AuthService  : Login attempt against LOCKED account id=8841bad3-0fd8-468f-90e7-d8fe3a84945d
]]></system-out>
  </testcase>
  <testcase name="login_emailNormalisedToLowercase" classname="com.northbank.registration.auth.login.AuthServiceTest" time="0.01">
    <system-out><![CDATA[2026-06-03T19:20:46.410+03:00  INFO 28584 --- [northbank-registration] [           main] c.n.registration.auth.login.AuthService  : Login step-1 success for customer id=d4ae790b-ddb5-4d8c-b289-037a8ce0777f
]]></system-out>
  </testcase>
  <testcase name="login_validCredentials_returnsSessionToken" classname="com.northbank.registration.auth.login.AuthServiceTest" time="0.014">
    <system-out><![CDATA[2026-06-03T19:20:46.421+03:00  INFO 28584 --- [northbank-registration] [           main] c.n.registration.auth.login.AuthService  : Login step-1 success for customer id=acfc11d6-4e4e-436a-ad98-5228ae929224
]]></system-out>
  </testcase>
  <testcase name="login_wrongPassword_incrementsFailedAttempts" classname="com.northbank.registration.auth.login.AuthServiceTest" time="0.008">
    <system-out><![CDATA[2026-06-03T19:20:46.435+03:00  WARN 28584 --- [northbank-registration] [           main] c.n.registration.auth.login.AuthService  : Failed login attempt 1/5 for customer id=246b7e8f-d917-4455-af92-09173041fa21
]]></system-out>
  </testcase>
  <testcase name="login_lockedAccount_noSavePerformed" classname="com.northbank.registration.auth.login.AuthServiceTest" time="0.007">
    <system-out><![CDATA[2026-06-03T19:20:46.444+03:00  WARN 28584 --- [northbank-registration] [           main] c.n.registration.auth.login.AuthService  : Login attempt against LOCKED account id=cef5db0e-1158-4ffd-8e63-e4ac9e9fd1ec
]]></system-out>
  </testcase>
  <testcase name="login_wrongPassword_throwsInvalidCredentialsException" classname="com.northbank.registration.auth.login.AuthServiceTest" time="0.006">
    <system-out><![CDATA[2026-06-03T19:20:46.451+03:00  WARN 28584 --- [northbank-registration] [           main] c.n.registration.auth.login.AuthService  : Failed login attempt 1/5 for customer id=c8f21ed2-2325-4851-bc56-f52e9e012401
]]></system-out>
  </testcase>
</testsuite>